[INFO] Scanning for projects...
[WARNING] 
[WARNING] Some problems were encountered while building the effective model for org.mule.modules:mule-oauth-module:mule-extension:2.0.0-SNAPSHOT
[WARNING] 'parent.relativePath' of POM org.mule.modules:mule-oauth-module:2.0.0-SNAPSHOT (/Users/lmariano/dev/mulesoft/mule-uber/mule-oauth-module/pom.xml) points at org.mule:mule-runtime-project instead of org.mule.extensions:mule-core-modules-parent, please verify your project structure @ line 4, column 13
[WARNING] 
[WARNING] It is highly recommended to fix these problems because they threaten the stability of your build.
[WARNING] 
[WARNING] For this reason, future Maven versions might no longer support building such malformed projects.
[WARNING] 
[INFO] 
[INFO] -----------------< org.mule.modules:mule-oauth-module >-----------------
[INFO] Building OAuth Module 2.0.0-SNAPSHOT
[INFO] ---------------------------[ mule-extension ]---------------------------
[INFO] 
[INFO] --- maven-dependency-plugin:2.8:tree (default-cli) @ mule-oauth-module ---
[INFO] org.mule.modules:mule-oauth-module:mule-extension:2.0.0-SNAPSHOT
[INFO] +- commons-codec:commons-codec:jar:1.15:compile
[INFO] +- org.mule.runtime:mule-service-http-api:jar:4.3.0:provided
[INFO] |  \- com.github.ben-manes.caffeine:caffeine:jar:2.8.0:compile
[INFO] |     +- org.checkerframework:checker-qual:jar:2.10.0:compile
[INFO] |     \- com.google.errorprone:error_prone_annotations:jar:2.3.3:compile
[INFO] +- org.mule.services:mule-service-http:jar:mule-service:1.5.0:provided
[INFO] |  +- org.apache.geronimo.specs:geronimo-servlet_3.0_spec:jar:1.0:provided
[INFO] |  +- org.mule.glassfish.grizzly:grizzly-http-server:jar:2.3.36-MULE-018:provided
[INFO] |  |  \- org.mule.glassfish.grizzly:grizzly-http:jar:2.3.36-MULE-018:provided
[INFO] |  +- org.mule.glassfish.grizzly:grizzly-http-servlet:jar:2.3.36-MULE-018:provided
[INFO] |  +- org.mule.glassfish.grizzly:connection-pool:jar:2.3.36-MULE-018:provided
[INFO] |  |  \- org.mule.glassfish.grizzly:grizzly-framework:jar:2.3.36-MULE-018:provided
[INFO] |  +- com.sun.mail:mailapi:jar:1.6.4:provided
[INFO] |  |  \- com.sun.activation:jakarta.activation:jar:1.2.1:provided
[INFO] |  +- com.sun.activation:javax.activation:jar:1.2.0:provided
[INFO] |  +- org.mule.glassfish.grizzly:grizzly-http-client:jar:1.14-MULE-017:provided
[INFO] |  +- org.mule.glassfish.grizzly:grizzly-websockets:jar:2.3.36-MULE-018:provided
[INFO] |  +- org.apache.commons:commons-text:jar:1.3:compile
[INFO] |  +- commons-io:commons-io:jar:2.6:compile
[INFO] |  \- com.google.guava:guava:jar:25.1-jre:provided
[INFO] |     +- com.google.code.findbugs:jsr305:jar:3.0.2:provided
[INFO] |     +- com.google.j2objc:j2objc-annotations:jar:1.1:provided
[INFO] |     \- org.codehaus.mojo:animal-sniffer-annotations:jar:1.14:provided
[INFO] +- org.mule.services:mule-service-scheduler:jar:mule-service:1.3.0:provided
[INFO] |  +- org.apache.commons:commons-lang3:jar:3.8.1:compile
[INFO] |  +- org.quartz-scheduler:quartz:jar:2.3.2:provided
[INFO] |  |  +- com.mchange:mchange-commons-java:jar:0.2.15:provided
[INFO] |  |  \- com.zaxxer:HikariCP-java7:jar:2.4.13:provided
[INFO] |  \- com.mchange:c3p0:jar:0.9.5.4:provided
[INFO] +- org.mule.runtime:mule-service-oauth-api:jar:4.3.0:provided
[INFO] +- org.mule.connectors:mule-http-connector:jar:mule-plugin:1.5.22:compile
[INFO] |  \- org.mule.modules:mule-module-cors-kernel:jar:1.1.2:compile
[INFO] +- org.mule.connectors:mule-sockets-connector:jar:mule-plugin:1.1.5:compile
[INFO] +- org.mule.runtime:mule-module-tls:jar:4.3.0:provided
[INFO] +- org.mule.commons:mule-oauth-client:jar:0.8.0-SNAPSHOT:compile
[INFO] +- org.mule.connectors:mule-objectstore-connector:jar:mule-plugin:1.1.5:test
[INFO] |  \- com.sun.mail:jakarta.mail:jar:1.6.3:provided
[INFO] +- org.mule.services:mule-service-http:test-jar:tests:1.5.0:test
[INFO] +- org.mule.tests.plugin:mule-tests-component-plugin:jar:mule-plugin:4.3.0:test
[INFO] |  +- io.projectreactor:reactor-core:jar:3.2.12.RELEASE:provided
[INFO] |  \- org.mule.tests.plugin:mule-core-deprecated-schema-plugin:jar:mule-plugin:4.3.0:test
[INFO] +- com.github.tomakehurst:wiremock:jar:2.26.3:test
[INFO] |  +- org.eclipse.jetty:jetty-server:jar:9.2.28.v20190418:test
[INFO] |  |  +- javax.servlet:javax.servlet-api:jar:3.1.0:test
[INFO] |  |  +- org.eclipse.jetty:jetty-http:jar:9.2.28.v20190418:test
[INFO] |  |  \- org.eclipse.jetty:jetty-io:jar:9.2.28.v20190418:test
[INFO] |  +- org.eclipse.jetty:jetty-servlet:jar:9.2.28.v20190418:test
[INFO] |  |  \- org.eclipse.jetty:jetty-security:jar:9.2.28.v20190418:test
[INFO] |  +- org.eclipse.jetty:jetty-servlets:jar:9.2.28.v20190418:test
[INFO] |  |  +- org.eclipse.jetty:jetty-continuation:jar:9.2.28.v20190418:test
[INFO] |  |  \- org.eclipse.jetty:jetty-util:jar:9.2.28.v20190418:test
[INFO] |  +- org.eclipse.jetty:jetty-webapp:jar:9.2.28.v20190418:test
[INFO] |  |  \- org.eclipse.jetty:jetty-xml:jar:9.2.28.v20190418:test
[INFO] |  +- org.xmlunit:xmlunit-core:jar:2.6.2:test
[INFO] |  +- org.xmlunit:xmlunit-legacy:jar:2.6.2:test
[INFO] |  +- org.xmlunit:xmlunit-placeholders:jar:2.6.2:test
[INFO] |  +- com.jayway.jsonpath:json-path:jar:2.4.0:test
[INFO] |  |  \- net.minidev:json-smart:jar:2.3:test
[INFO] |  |     \- net.minidev:accessors-smart:jar:1.2:test
[INFO] |  +- org.ow2.asm:asm:jar:7.0:test
[INFO] |  +- org.slf4j:slf4j-api:jar:1.7.12:provided
[INFO] |  +- net.sf.jopt-simple:jopt-simple:jar:5.0.3:test
[INFO] |  +- com.github.jknack:handlebars:jar:4.0.7:test
[INFO] |  |  \- org.antlr:antlr4-runtime:jar:4.7.1:test
[INFO] |  +- com.github.jknack:handlebars-helpers:jar:4.0.7:test
[INFO] |  +- com.flipkart.zjsonpatch:zjsonpatch:jar:0.4.4:test
[INFO] |  \- commons-fileupload:commons-fileupload:jar:1.4:test
[INFO] +- org.apache.httpcomponents:httpcore:jar:4.4.13:test
[INFO] +- org.apache.httpcomponents:httpclient:jar:4.5.13:test
[INFO] |  \- commons-logging:commons-logging:jar:1.2:test
[INFO] +- org.apache.httpcomponents:fluent-hc:jar:4.5.13:test
[INFO] +- io.qameta.allure:allure-junit4:jar:2.8.1:test
[INFO] |  +- io.qameta.allure:allure-java-commons:jar:2.8.1:test
[INFO] |  |  +- io.qameta.allure:allure-model:jar:2.8.1:test
[INFO] |  |  |  \- com.fasterxml.jackson.core:jackson-databind:jar:2.9.7:provided
[INFO] |  |  |     \- com.fasterxml.jackson.core:jackson-annotations:jar:2.9.0:provided
[INFO] |  |  +- org.apache.tika:tika-core:jar:1.19.1:test
[INFO] |  |  +- org.aspectj:aspectjrt:jar:1.9.1:test
[INFO] |  |  \- org.jooq:joor-java-8:jar:0.9.9:test
[INFO] |  \- junit:junit:jar:4.12:test
[INFO] |     \- org.hamcrest:hamcrest-core:jar:1.3:test
[INFO] +- org.mule.runtime:mule-extensions-api:jar:1.3.0:provided
[INFO] |  +- org.reactivestreams:reactive-streams:jar:1.0.2:provided
[INFO] |  +- org.mule.glassfish.jaxb:jaxb-runtime:jar:2.3.1-MULE-001:provided
[INFO] |  |  +- org.mule.glassfish.jaxb:txw2:jar:2.3.1-MULE-001:provided
[INFO] |  |  +- com.sun.istack:istack-commons-runtime:jar:3.0.7:provided
[INFO] |  |  +- org.jvnet.staxex:stax-ex:jar:1.8:provided
[INFO] |  |  +- com.sun.xml.fastinfoset:FastInfoset:jar:1.2.15:provided
[INFO] |  |  \- javax.activation:javax.activation-api:jar:1.2.0:provided
[INFO] |  \- javax.transaction:javax.transaction-api:jar:1.3:provided
[INFO] +- org.mule.runtime:mule-api:jar:1.3.0:provided
[INFO] |  +- org.mule.runtime:mule-metadata-model-api:jar:1.3.0:provided
[INFO] |  +- org.mule.runtime:mule-message-metadata-model:jar:1.3.0:provided
[INFO] |  +- com.google.code.gson:gson:jar:2.8.5:provided
[INFO] |  +- javax.inject:javax.inject:jar:1:provided
[INFO] |  +- com.vdurmont:semver4j:jar:3.1.0:provided
[INFO] |  +- org.mule.runtime:mule-artifact-declaration:jar:1.3.0:provided
[INFO] |  \- org.mule.runtime:api-annotations:jar:1.2.0:provided
[INFO] +- org.mule.runtime:mule-core:jar:4.3.0:provided
[INFO] |  +- org.mule.runtime:mule-module-dsl-api:jar:1.3.0:provided
[INFO] |  +- org.mule.runtime:mule-module-http-policy-api:jar:1.3.0:provided
[INFO] |  |  \- org.mule.runtime:mule-module-policy-api:jar:1.3.0:provided
[INFO] |  +- commons-beanutils:commons-beanutils:jar:1.9.4:provided
[INFO] |  +- org.mule.com.github.stephenc.eaio-uuid:uuid:jar:3.4.2-MULE-001:provided
[INFO] |  +- javax.annotation:javax.annotation-api:jar:1.3.2:provided
[INFO] |  +- commons-cli:commons-cli:jar:1.2:provided
[INFO] |  +- commons-collections:commons-collections:jar:3.2.2:provided
[INFO] |  +- commons-pool:commons-pool:jar:1.6:provided
[INFO] |  +- org.apache.geronimo.specs:geronimo-j2ee-connector_1.5_spec:jar:2.0.0:provided
[INFO] |  +- org.mule.mvel:mule-mvel2:jar:2.1.9-MULE-020:provided
[INFO] |  +- org.jgrapht:jgrapht-core:jar:1.3.1:provided
[INFO] |  |  \- org.jheaps:jheaps:jar:0.10:provided
[INFO] |  +- org.reflections:reflections:jar:0.9.10:provided
[INFO] |  +- io.projectreactor.addons:reactor-extra:jar:3.2.3.RELEASE:provided
[INFO] |  +- org.yaml:snakeyaml:jar:1.26:provided
[INFO] |  +- cglib:cglib-nodep:jar:3.2.10:provided
[INFO] |  +- org.apache.commons:commons-pool2:jar:2.6.2:provided
[INFO] |  +- org.apache.commons:commons-math3:jar:3.6.1:provided
[INFO] |  +- it.unimi.dsi:fastutil:jar:8.1.1:provided
[INFO] |  +- net.jodah:failsafe:jar:2.1.1:provided
[INFO] |  +- org.vibur:vibur-object-pool:jar:23.0:provided
[INFO] |  +- com.conversantmedia:disruptor:jar:1.2.10:provided
[INFO] |  \- javax.jms:javax.jms-api:jar:2.0.1:provided
[INFO] +- org.mule.runtime:mule-module-extensions-spring-support:jar:4.3.0:provided
[INFO] |  +- org.jsoup:jsoup:jar:1.11.3:provided
[INFO] |  +- org.mule.runtime:mule-module-spring-config:jar:4.3.0:provided
[INFO] |  |  +- org.mule.runtime:mule-module-artifact:jar:4.3.0:provided
[INFO] |  |  +- org.mule.runtime:mule-artifact-ast:jar:0.8.0:provided
[INFO] |  |  +- org.mule.runtime:mule-artifact-ast-dependency-graph:jar:0.8.0:provided
[INFO] |  |  +- org.springframework:spring-context:jar:5.1.6.RELEASE:provided
[INFO] |  |  |  +- org.springframework:spring-beans:jar:5.1.6.RELEASE:provided
[INFO] |  |  |  +- org.springframework:spring-core:jar:5.1.6.RELEASE:provided
[INFO] |  |  |  |  \- org.springframework:spring-jcl:jar:5.1.6.RELEASE:provided
[INFO] |  |  |  \- org.springframework:spring-expression:jar:5.1.6.RELEASE:provided
[INFO] |  |  \- org.springframework:spring-aop:jar:5.1.6.RELEASE:provided
[INFO] |  +- org.mule.runtime:mule-module-extensions-support:jar:4.3.0:provided
[INFO] |  |  +- org.mule.runtime:mule-extensions-api-dsql:jar:1.3.0:provided
[INFO] |  |  |  \- org.antlr:antlr-runtime:jar:3.5:provided
[INFO] |  |  |     \- org.antlr:stringtemplate:jar:3.2.1:provided
[INFO] |  |  +- org.mule.runtime:mule-extensions-api-persistence:jar:1.3.0:provided
[INFO] |  |  |  \- org.mule.runtime:mule-metadata-model-persistence:jar:1.3.0:provided
[INFO] |  |  \- net.bytebuddy:byte-buddy:jar:1.10.7:provided
[INFO] |  +- org.mule.runtime:mule-module-extensions-soap-support:jar:4.3.0:provided
[INFO] |  |  +- org.mule.runtime:mule-extensions-soap-api:jar:1.3.0:provided
[INFO] |  |  \- org.mule.runtime:mule-service-soap-api:jar:4.3.0:provided
[INFO] |  +- jboss:javassist:jar:3.7.ga:provided
[INFO] |  +- joda-time:joda-time:jar:2.9.1:provided
[INFO] |  \- org.dom4j:dom4j:jar:2.1.1:provided
[INFO] +- org.mule.runtime:mule-extension-ast-loader:jar:1.2.0:provided
[INFO] |  \- org.mule.runtime:mule-metadata-model-java-ast:jar:1.3.0:provided
[INFO] +- org.mule.runtime:mule-metadata-model-xml:jar:1.3.0:provided
[INFO] |  +- org.apache.xmlbeans:xmlbeans:jar:3.1.0:provided
[INFO] |  \- org.mule.apache:xerces2-xsd11:jar:2.11.3:provided
[INFO] +- org.mule.runtime:mule-metadata-model-java:jar:1.3.0:provided
[INFO] +- org.mule.runtime:mule-metadata-model-json:jar:1.3.0:provided
[INFO] |  \- org.everit.json:org.everit.json.schema:jar:1.5.1:provided
[INFO] |     \- org.json:json:jar:20160810:provided
[INFO] +- org.mule.runtime:mule-module-service:jar:4.3.0:provided
[INFO] |  +- org.mule.runtime:mule-module-container:jar:4.3.0:provided
[INFO] |  +- org.mule.runtime:mule-module-deployment-model:jar:4.3.0:provided
[INFO] |  |  \- org.mule.runtime:mule-module-reboot:jar:4.3.0:provided
[INFO] |  |     \- tanukisoft:wrapper:jar:3.2.3:provided
[INFO] |  \- org.mule.tools.maven:mule-classloader-model:jar:3.4.0:provided
[INFO] +- org.mule.services:mule-service-weave:jar:mule-service:2.3.1:provided
[INFO] |  +- org.mule.weave:runtime:jar:2.3.1:provided
[INFO] |  |  +- org.mule.weave:core:jar:2.3.1:provided
[INFO] |  |  |  +- org.mule.weave:parser:jar:2.3.1:provided
[INFO] |  |  |  |  \- org.parboiled:parboiled_2.12:jar:2.1.5:provided
[INFO] |  |  |  |     \- com.chuusai:shapeless_2.12:jar:2.3.3:provided
[INFO] |  |  |  |        \- org.typelevel:macro-compat_2.12:jar:1.1.1:provided
[INFO] |  |  |  \- org.typelevel:spire_2.12:jar:0.14.1:provided
[INFO] |  |  |     +- org.typelevel:spire-macros_2.12:jar:0.14.1:provided
[INFO] |  |  |     +- org.typelevel:machinist_2.12:jar:0.6.1:provided
[INFO] |  |  |     |  \- org.scala-lang:scala-reflect:jar:2.12.0:provided
[INFO] |  |  |     \- org.typelevel:algebra_2.12:jar:0.7.0:provided
[INFO] |  |  |        \- org.typelevel:cats-kernel_2.12:jar:0.9.0:provided
[INFO] |  |  \- org.mule.weave:debugger:jar:2.3.1:provided
[INFO] |  +- org.mule.weave:wlang:jar:2.3.1:provided
[INFO] |  +- org.mule.weave:java-module:jar:2.3.1:provided
[INFO] |  +- org.mule.weave:core-modules:jar:2.3.1:provided
[INFO] |  |  +- org.scala-lang:scala-library:jar:2.12.10:provided
[INFO] |  |  +- com.fasterxml.woodstox:woodstox-core:jar:5.3.0:provided
[INFO] |  |  |  \- org.codehaus.woodstox:stax2-api:jar:4.2:provided
[INFO] |  |  \- com.fasterxml:aalto-xml:jar:1.0.0:provided
[INFO] |  +- org.mule.weave:yaml-module:jar:2.3.1:provided
[INFO] |  |  \- org.mule.syaml:syaml_2.12:jar:0.7.260:provided
[INFO] |  |     \- org.mule.common:scala-common_2.12:jar:0.5.60:provided
[INFO] |  +- org.mule.weave:ndjson-module:jar:2.3.1:provided
[INFO] |  +- org.mule.weave:avro-module:jar:2.3.1:provided
[INFO] |  |  \- org.apache.avro:avro:jar:1.10.0-MULE_4:provided
[INFO] |  |     +- com.fasterxml.jackson.core:jackson-core:jar:2.10.0:provided
[INFO] |  |     \- org.apache.commons:commons-compress:jar:1.19:provided
[INFO] |  \- org.mule.weave:dwb-module:jar:2.3.1:provided
[INFO] +- org.mule.runtime:mule-dwb-api:jar:2.3.1:provided
[INFO] |  \- org.mule.weave:dwb-api:jar:2.3.1:provided
[INFO] +- org.mule.runtime:mule-module-javaee:jar:4.3.0:provided
[INFO] |  +- javax.jws:javax.jws-api:jar:1.1:provided
[INFO] |  +- javax.xml.bind:jaxb-api:jar:2.3.1:provided
[INFO] |  +- com.sun.xml.bind:jaxb-impl:jar:2.3.1-MULE-001:provided
[INFO] |  +- com.sun.xml.bind:jaxb-core:jar:2.3.0.1:provided
[INFO] |  +- javax.xml.soap:javax.xml.soap-api:jar:1.4.0:provided
[INFO] |  \- javax.xml.ws:jaxws-api:jar:2.3.1:provided
[INFO] +- org.mule.tests:mule-tests-functional:jar:4.3.0:test
[INFO] |  +- org.mule.runtime:mule-module-service:test-jar:tests:4.3.0:test
[INFO] |  +- org.mule.runtime:mule-module-artifact:test-jar:tests:4.3.0:test
[INFO] |  \- org.mule.tests:mule-tests-model:jar:4.3.0:test
[INFO] +- org.mule.tests:mule-tests-runner:jar:4.3.0:test
[INFO] |  +- org.mule:mule-maven-client-api:jar:1.5.0:test
[INFO] |  |  +- org.apache.maven:maven-model:jar:3.3.9:test
[INFO] |  |  \- org.codehaus.plexus:plexus-utils:jar:3.0.24:test
[INFO] |  \- org.mule:mule-maven-client-impl:jar:1.5.0:test
[INFO] |     +- org.eclipse.aether:aether-api:jar:1.0.2.v20150114:provided
[INFO] |     +- org.eclipse.aether:aether-util:jar:1.0.2.v20150114:provided
[INFO] |     +- org.eclipse.aether:aether-connector-basic:jar:1.0.2.v20150114:test
[INFO] |     |  \- org.eclipse.aether:aether-spi:jar:1.0.2.v20150114:test
[INFO] |     +- org.eclipse.aether:aether-transport-file:jar:1.0.2.v20150114:test
[INFO] |     +- org.eclipse.aether:aether-transport-http:jar:1.0.2.v20150114:test
[INFO] |     +- org.apache.maven:maven-settings-builder:jar:3.3.9:test
[INFO] |     |  +- org.apache.maven:maven-builder-support:jar:3.3.9:test
[INFO] |     |  +- org.codehaus.plexus:plexus-interpolation:jar:1.21:test
[INFO] |     |  +- org.codehaus.plexus:plexus-component-annotations:jar:1.6:test
[INFO] |     |  +- org.apache.maven:maven-settings:jar:3.3.9:test
[INFO] |     |  \- org.sonatype.plexus:plexus-sec-dispatcher:jar:1.3:test
[INFO] |     |     \- org.sonatype.plexus:plexus-cipher:jar:1.4:test
[INFO] |     +- org.apache.maven:maven-aether-provider:jar:3.3.9:test
[INFO] |     |  +- org.apache.maven:maven-model-builder:jar:3.3.9:test
[INFO] |     |  |  \- org.apache.maven:maven-artifact:jar:3.3.9:test
[INFO] |     |  +- org.apache.maven:maven-repository-metadata:jar:3.3.9:test
[INFO] |     |  \- org.eclipse.aether:aether-impl:jar:1.0.2.v20150114:test
[INFO] |     +- com.beust:jcommander:jar:1.69:test
[INFO] |     \- org.eclipse.sisu:org.eclipse.sisu.plexus:jar:0.3.2:test
[INFO] \- org.mule.tests:mule-tests-unit:jar:4.3.0:test
[INFO]    +- org.mule.runtime:mule-module-logging:jar:4.3.0:provided
[INFO]    |  +- com.lmax:disruptor:jar:3.3.7:provided
[INFO]    |  +- org.slf4j:slf4j-ext:jar:1.7.30:provided
[INFO]    |  +- org.apache.logging.log4j:log4j-api:jar:2.13.1:provided
[INFO]    |  +- org.apache.logging.log4j:log4j-core:jar:2.13.1:provided
[INFO]    |  +- org.apache.logging.log4j:log4j-slf4j-impl:jar:2.13.1:provided
[INFO]    |  +- org.apache.logging.log4j:log4j-1.2-api:jar:2.13.1:provided
[INFO]    |  +- org.slf4j:jcl-over-slf4j:jar:1.7.30:provided
[INFO]    |  \- org.slf4j:jul-to-slf4j:jar:1.7.30:provided
[INFO]    +- org.mockito:mockito-core:jar:2.26.0:test
[INFO]    |  +- net.bytebuddy:byte-buddy-agent:jar:1.9.10:test
[INFO]    |  \- org.objenesis:objenesis:jar:2.6:test
[INFO]    \- org.hamcrest:hamcrest-library:jar:1.3:test
[INFO] ------------------------------------------------------------------------
[INFO] BUILD SUCCESS
[INFO] ------------------------------------------------------------------------
[INFO] Total time:  1.773 s
[INFO] Finished at: 2020-10-15T12:32:27-03:00
[INFO] ------------------------------------------------------------------------
